This is pdfTeX, Version 3.141592653-2.6-1.40.25 (MiKTeX 24.1) (preloaded format=pdflatex 2026.5.1)  21 JUN 2026 02:37
entering extended mode
 restricted \write18 enabled.
 %&-line parsing enabled.
**./main.tex
(main.tex
LaTeX2e <2023-11-01> patch level 1
L3 programming layer <2024-01-04>
(C:\Users\Shiva\AppData\Local\Programs\MiKTeX\tex/latex/ieeetran\IEEEtran.cls
Document Class: IEEEtran 2015/08/26 V1.8b by Michael Shell
-- See the "IEEEtran_HOWTO" manual for usage information.
-- http://www.michaelshell.org/tex/ieeetran/
\@IEEEtrantmpdimenA=\dimen140
\@IEEEtrantmpdimenB=\dimen141
\@IEEEtrantmpdimenC=\dimen142
\@IEEEtrantmpcountA=\count187
\@IEEEtrantmpcountB=\count188
\@IEEEtrantmpcountC=\count189
\@IEEEtrantmptoksA=\toks17
LaTeX Font Info:    Trying to load font information for OT1+ptm on input line 5
03.
(C:\Users\Shiva\AppData\Local\Programs\MiKTeX\tex/latex/psnfss\ot1ptm.fd
File: ot1ptm.fd 2001/06/04 font definitions for OT1/ptm.
)
-- Using 8.5in x 11in (letter) paper.
-- Using PDF output.
\@IEEEnormalsizeunitybaselineskip=\dimen143
-- This is a 10 point document.
\CLASSINFOnormalsizebaselineskip=\dimen144
\CLASSINFOnormalsizeunitybaselineskip=\dimen145
\IEEEnormaljot=\dimen146
LaTeX Font Info:    Font shape `OT1/ptm/bx/n' in size <5> not available
(Font)              Font shape `OT1/ptm/b/n' tried instead on input line 1090.
LaTeX Font Info:    Font shape `OT1/ptm/bx/it' in size <5> not available
(Font)              Font shape `OT1/ptm/b/it' tried instead on input line 1090.

LaTeX Font Info:    Font shape `OT1/ptm/bx/n' in size <7> not available
(Font)              Font shape `OT1/ptm/b/n' tried instead on input line 1090.
LaTeX Font Info:    Font shape `OT1/ptm/bx/it' in size <7> not available
(Font)              Font shape `OT1/ptm/b/it' tried instead on input line 1090.

LaTeX Font Info:    Font shape `OT1/ptm/bx/n' in size <8> not available
(Font)              Font shape `OT1/ptm/b/n' tried instead on input line 1090.
LaTeX Font Info:    Font shape `OT1/ptm/bx/it' in size <8> not available
(Font)              Font shape `OT1/ptm/b/it' tried instead on input line 1090.

LaTeX Font Info:    Font shape `OT1/ptm/bx/n' in size <9> not available
(Font)              Font shape `OT1/ptm/b/n' tried instead on input line 1090.
LaTeX Font Info:    Font shape `OT1/ptm/bx/it' in size <9> not available
(Font)              Font shape `OT1/ptm/b/it' tried instead on input line 1090.

LaTeX Font Info:    Font shape `OT1/ptm/bx/n' in size <10> not available
(Font)              Font shape `OT1/ptm/b/n' tried instead on input line 1090.
LaTeX Font Info:    Font shape `OT1/ptm/bx/it' in size <10> not available
(Font)              Font shape `OT1/ptm/b/it' tried instead on input line 1090.

LaTeX Font Info:    Font shape `OT1/ptm/bx/n' in size <11> not available
(Font)              Font shape `OT1/ptm/b/n' tried instead on input line 1090.
LaTeX Font Info:    Font shape `OT1/ptm/bx/it' in size <11> not available
(Font)              Font shape `OT1/ptm/b/it' tried instead on input line 1090.

LaTeX Font Info:    Font shape `OT1/ptm/bx/n' in size <12> not available
(Font)              Font shape `OT1/ptm/b/n' tried instead on input line 1090.
LaTeX Font Info:    Font shape `OT1/ptm/bx/it' in size <12> not available
(Font)              Font shape `OT1/ptm/b/it' tried instead on input line 1090.

LaTeX Font Info:    Font shape `OT1/ptm/bx/n' in size <17> not available
(Font)              Font shape `OT1/ptm/b/n' tried instead on input line 1090.
LaTeX Font Info:    Font shape `OT1/ptm/bx/it' in size <17> not available
(Font)              Font shape `OT1/ptm/b/it' tried instead on input line 1090.

LaTeX Font Info:    Font shape `OT1/ptm/bx/n' in size <20> not available
(Font)              Font shape `OT1/ptm/b/n' tried instead on input line 1090.
LaTeX Font Info:    Font shape `OT1/ptm/bx/it' in size <20> not available
(Font)              Font shape `OT1/ptm/b/it' tried instead on input line 1090.

LaTeX Font Info:    Font shape `OT1/ptm/bx/n' in size <24> not available
(Font)              Font shape `OT1/ptm/b/n' tried instead on input line 1090.
LaTeX Font Info:    Font shape `OT1/ptm/bx/it' in size <24> not available
(Font)              Font shape `OT1/ptm/b/it' tried instead on input line 1090.

\IEEEquantizedlength=\dimen147
\IEEEquantizedlengthdiff=\dimen148
\IEEEquantizedtextheightdiff=\dimen149
\IEEEilabelindentA=\dimen150
\IEEEilabelindentB=\dimen151
\IEEEilabelindent=\dimen152
\IEEEelabelindent=\dimen153
\IEEEdlabelindent=\dimen154
\IEEElabelindent=\dimen155
\IEEEiednormlabelsep=\dimen156
\IEEEiedmathlabelsep=\dimen157
\IEEEiedtopsep=\skip48
\c@section=\count190
\c@subsection=\count191
\c@subsubsection=\count192
\c@paragraph=\count193
\c@IEEEsubequation=\count194
\abovecaptionskip=\skip49
\belowcaptionskip=\skip50
\c@figure=\count195
\c@table=\count196
\@IEEEeqnnumcols=\count197
\@IEEEeqncolcnt=\count198
\@IEEEsubeqnnumrollback=\count199
\@IEEEquantizeheightA=\dimen158
\@IEEEquantizeheightB=\dimen159
\@IEEEquantizeheightC=\dimen160
\@IEEEquantizeprevdepth=\dimen161
\@IEEEquantizemultiple=\count266
\@IEEEquantizeboxA=\box51
\@IEEEtmpitemindent=\dimen162
\IEEEPARstartletwidth=\dimen163
\c@IEEEbiography=\count267
\@IEEEtranrubishbin=\box52
)
** ATTENTION: Overriding command lockouts (line 2).
(C:\Users\Shiva\AppData\Local\Programs\MiKTeX\tex/latex/amsmath\amsmath.sty
Package: amsmath 2023/05/13 v2.17o AMS math features
\@mathmargin=\skip51

For additional information on amsmath, use the `?' option.
(C:\Users\Shiva\AppData\Local\Programs\MiKTeX\tex/latex/amsmath\amstext.sty
Package: amstext 2021/08/26 v2.01 AMS text

(C:\Users\Shiva\AppData\Local\Programs\MiKTeX\tex/latex/amsmath\amsgen.sty
File: amsgen.sty 1999/11/30 v2.0 generic functions
\@emptytoks=\toks18
\ex@=\dimen164
))
(C:\Users\Shiva\AppData\Local\Programs\MiKTeX\tex/latex/amsmath\amsbsy.sty
Package: amsbsy 1999/11/29 v1.2d Bold Symbols
\pmbraise@=\dimen165
)
(C:\Users\Shiva\AppData\Local\Programs\MiKTeX\tex/latex/amsmath\amsopn.sty
Package: amsopn 2022/04/08 v2.04 operator names
)
\inf@bad=\count268
LaTeX Info: Redefining \frac on input line 234.
\uproot@=\count269
\leftroot@=\count270
LaTeX Info: Redefining \overline on input line 399.
LaTeX Info: Redefining \colon on input line 410.
\classnum@=\count271
\DOTSCASE@=\count272
LaTeX Info: Redefining \ldots on input line 496.
LaTeX Info: Redefining \dots on input line 499.
LaTeX Info: Redefining \cdots on input line 620.
\Mathstrutbox@=\box53
\strutbox@=\box54
LaTeX Info: Redefining \big on input line 722.
LaTeX Info: Redefining \Big on input line 723.
LaTeX Info: Redefining \bigg on input line 724.
LaTeX Info: Redefining \Bigg on input line 725.
\big@size=\dimen166
LaTeX Font Info:    Redeclaring font encoding OML on input line 743.
LaTeX Font Info:    Redeclaring font encoding OMS on input line 744.
\macc@depth=\count273
LaTeX Info: Redefining \bmod on input line 905.
LaTeX Info: Redefining \pmod on input line 910.
LaTeX Info: Redefining \smash on input line 940.
LaTeX Info: Redefining \relbar on input line 970.
LaTeX Info: Redefining \Relbar on input line 971.
\c@MaxMatrixCols=\count274
\dotsspace@=\muskip16
\c@parentequation=\count275
\dspbrk@lvl=\count276
\tag@help=\toks19
\row@=\count277
\column@=\count278
\maxfields@=\count279
\andhelp@=\toks20
\eqnshift@=\dimen167
\alignsep@=\dimen168
\tagshift@=\dimen169
\tagwidth@=\dimen170
\totwidth@=\dimen171
\lineht@=\dimen172
\@envbody=\toks21
\multlinegap=\skip52
\multlinetaggap=\skip53
\mathdisplay@stack=\toks22
LaTeX Info: Redefining \[ on input line 2953.
LaTeX Info: Redefining \] on input line 2954.
)
(C:\Users\Shiva\AppData\Local\Programs\MiKTeX\tex/latex/amsfonts\amssymb.sty
Package: amssymb 2013/01/14 v3.01 AMS font symbols

(C:\Users\Shiva\AppData\Local\Programs\MiKTeX\tex/latex/amsfonts\amsfonts.sty
Package: amsfonts 2013/01/14 v3.01 Basic AMSFonts support
\symAMSa=\mathgroup4
\symAMSb=\mathgroup5
LaTeX Font Info:    Redeclaring math symbol \hbar on input line 98.
LaTeX Font Info:    Overwriting math alphabet `\mathfrak' in version `bold'
(Font)                  U/euf/m/n --> U/euf/b/n on input line 106.
))
(C:\Users\Shiva\AppData\Local\Programs\MiKTeX\tex/latex/algorithms\algorithmic.
sty
Package: algorithmic 2009/08/24 v0.1 Document Style `algorithmic'
 (C:\Users\Shiva\AppData\Local\Programs\MiKTeX\tex/latex/base\ifthen.sty
Package: ifthen 2022/04/13 v1.1d Standard LaTeX ifthen package (DPC)
)
(C:\Users\Shiva\AppData\Local\Programs\MiKTeX\tex/latex/graphics\keyval.sty
Package: keyval 2022/05/29 v1.15 key=value parser (DPC)
\KV@toks@=\toks23
)
\c@ALC@unique=\count280
\c@ALC@line=\count281
\c@ALC@rem=\count282
\c@ALC@depth=\count283
\ALC@tlm=\skip54
\algorithmicindent=\skip55
)
(C:\Users\Shiva\AppData\Local\Programs\MiKTeX\tex/latex/algorithms\algorithm.st
y
Package: algorithm 2009/08/24 v0.1 Document Style `algorithm' - floating enviro
nment
 (C:\Users\Shiva\AppData\Local\Programs\MiKTeX\tex/latex/float\float.sty
Package: float 2001/11/08 v1.3d Float enhancements (AL)
\c@float@type=\count284
\float@exts=\toks24
\float@box=\box55
\@float@everytoks=\toks25
\@floatcapt=\box56
)
\@float@every@algorithm=\toks26
\c@algorithm=\count285
)
(C:\Users\Shiva\AppData\Local\Programs\MiKTeX\tex/latex/graphics\graphicx.sty
Package: graphicx 2021/09/16 v1.2d Enhanced LaTeX Graphics (DPC,SPQR)

(C:\Users\Shiva\AppData\Local\Programs\MiKTeX\tex/latex/graphics\graphics.sty
Package: graphics 2022/03/10 v1.4e Standard LaTeX Graphics (DPC,SPQR)

(C:\Users\Shiva\AppData\Local\Programs\MiKTeX\tex/latex/graphics\trig.sty
Package: trig 2021/08/11 v1.11 sin cos tan (DPC)
)
(C:\Users\Shiva\AppData\Local\Programs\MiKTeX\tex/latex/graphics-cfg\graphics.c
fg
File: graphics.cfg 2016/06/04 v1.11 sample graphics configuration
)
Package graphics Info: Driver file: pdftex.def on input line 107.

(C:\Users\Shiva\AppData\Local\Programs\MiKTeX\tex/latex/graphics-def\pdftex.def
File: pdftex.def 2022/09/22 v1.2b Graphics/color driver for pdftex
))
\Gin@req@height=\dimen173
\Gin@req@width=\dimen174
) (C:\Users\Shiva\AppData\Local\Programs\MiKTeX\tex/latex/base\textcomp.sty
Package: textcomp 2020/02/02 v2.0n Standard LaTeX package
)
(C:\Users\Shiva\AppData\Local\Programs\MiKTeX\tex/latex/xcolor\xcolor.sty
Package: xcolor 2023/11/15 v3.01 LaTeX color extensions (UK)

(C:\Users\Shiva\AppData\Local\Programs\MiKTeX\tex/latex/graphics-cfg\color.cfg
File: color.cfg 2016/01/02 v1.6 sample color configuration
)
Package xcolor Info: Driver file: pdftex.def on input line 274.
(C:\Users\Shiva\AppData\Local\Programs\MiKTeX\tex/latex/graphics\mathcolor.ltx)
Package xcolor Info: Model `cmy' substituted by `cmy0' on input line 1350.
Package xcolor Info: Model `hsb' substituted by `rgb' on input line 1354.
Package xcolor Info: Model `RGB' extended on input line 1366.
Package xcolor Info: Model `HTML' substituted by `rgb' on input line 1368.
Package xcolor Info: Model `Hsb' substituted by `hsb' on input line 1369.
Package xcolor Info: Model `tHsb' substituted by `hsb' on input line 1370.
Package xcolor Info: Model `HSB' substituted by `hsb' on input line 1371.
Package xcolor Info: Model `Gray' substituted by `gray' on input line 1372.
Package xcolor Info: Model `wave' substituted by `hsb' on input line 1373.
) (C:\Users\Shiva\AppData\Local\Programs\MiKTeX\tex/latex/booktabs\booktabs.sty
Package: booktabs 2020/01/12 v1.61803398 Publication quality tables
\heavyrulewidth=\dimen175
\lightrulewidth=\dimen176
\cmidrulewidth=\dimen177
\belowrulesep=\dimen178
\belowbottomsep=\dimen179
\aboverulesep=\dimen180
\abovetopsep=\dimen181
\cmidrulesep=\dimen182
\cmidrulekern=\dimen183
\defaultaddspace=\dimen184
\@cmidla=\count286
\@cmidlb=\count287
\@aboverulesep=\dimen185
\@belowrulesep=\dimen186
\@thisruleclass=\count288
\@lastruleclass=\count289
\@thisrulewidth=\dimen187
) (C:\Users\Shiva\AppData\Local\Programs\MiKTeX\tex/latex/multirow\multirow.sty
Package: multirow 2024/11/12 v2.9 Span multiple rows of a table
\multirow@colwidth=\skip56
\multirow@cntb=\count290
\multirow@dima=\skip57
\bigstrutjot=\dimen188
) (C:\Users\Shiva\AppData\Local\Programs\MiKTeX\tex/latex/url\url.sty
\Urlmuskip=\muskip17
Package: url 2013/09/16  ver 3.4  Verb mode for urls, etc.
)
(C:\Users\Shiva\AppData\Local\Programs\MiKTeX\tex/latex/l3backend\l3backend-pdf
tex.def
File: l3backend-pdftex.def 2024-01-04 L3 backend support: PDF output (pdfTeX)
\l__color_backend_stack_int=\count291
\l__pdf_internal_box=\box57
) (main.aux)
\openout1 = `main.aux'.

LaTeX Font Info:    Checking defaults for OML/cmm/m/it on input line 19.
LaTeX Font Info:    ... okay on input line 19.
LaTeX Font Info:    Checking defaults for OMS/cmsy/m/n on input line 19.
LaTeX Font Info:    ... okay on input line 19.
LaTeX Font Info:    Checking defaults for OT1/cmr/m/n on input line 19.
LaTeX Font Info:    ... okay on input line 19.
LaTeX Font Info:    Checking defaults for T1/cmr/m/n on input line 19.
LaTeX Font Info:    ... okay on input line 19.
LaTeX Font Info:    Checking defaults for TS1/cmr/m/n on input line 19.
LaTeX Font Info:    ... okay on input line 19.
LaTeX Font Info:    Checking defaults for OMX/cmex/m/n on input line 19.
LaTeX Font Info:    ... okay on input line 19.
LaTeX Font Info:    Checking defaults for U/cmr/m/n on input line 19.
LaTeX Font Info:    ... okay on input line 19.

-- Lines per column: 56 (exact).

(C:\Users\Shiva\AppData\Local\Programs\MiKTeX\tex/context/base/mkii\supp-pdf.mk
ii
[Loading MPS to PDF converter (version 2006.09.02).]
\scratchcounter=\count292
\scratchdimen=\dimen189
\scratchbox=\box58
\nofMPsegments=\count293
\nofMParguments=\count294
\everyMPshowfont=\toks27
\MPscratchCnt=\count295
\MPscratchDim=\dimen190
\MPnumerator=\count296
\makeMPintoPDFobject=\count297
\everyMPtoPDFconversion=\toks28
)
(C:\Users\Shiva\AppData\Local\Programs\MiKTeX\tex/latex/epstopdf-pkg\epstopdf-b
ase.sty
Package: epstopdf-base 2020-01-24 v2.11 Base part for package epstopdf
Package epstopdf-base Info: Redefining graphics rule for `.eps' on input line 4
85.

(C:\Users\Shiva\AppData\Local\Programs\MiKTeX\tex/latex/00miktex\epstopdf-sys.c
fg
File: epstopdf-sys.cfg 2021/03/18 v2.0 Configuration of epstopdf for MiKTeX
))
LaTeX Font Info:    Calculating math sizes for size <11> on input line 41.
LaTeX Font Info:    Trying to load font information for U+msa on input line 41.

 (C:\Users\Shiva\AppData\Local\Programs\MiKTeX\tex/latex/amsfonts\umsa.fd
File: umsa.fd 2013/01/14 v3.01 AMS symbols A
)
LaTeX Font Info:    Trying to load font information for U+msb on input line 41.


(C:\Users\Shiva\AppData\Local\Programs\MiKTeX\tex/latex/amsfonts\umsb.fd
File: umsb.fd 2013/01/14 v3.01 AMS symbols B
)
LaTeX Font Info:    Trying to load font information for OT1+pcr on input line 4
7.

(C:\Users\Shiva\AppData\Local\Programs\MiKTeX\tex/latex/psnfss\ot1pcr.fd
File: ot1pcr.fd 2001/06/04 font definitions for OT1/pcr.
)
Underfull \hbox (badness 6995) in paragraph at lines 50--52
[]\OT1/ptm/b/it/9 Index Terms\OT1/ptm/b/n/9 ---quantum com-put-ing, knap-sack p
rob-lem,
 []


Underfull \vbox (badness 10000) has occurred while \output is active []


Underfull \hbox (badness 7116) in paragraph at lines 71--72
[]\OT1/ptm/m/n/10 Instance-dependent com-plex-ity bounds: $[]\OT1/cmr/m/n/10 ([
] \OMS/cmsy/m/n/10 ^^A
 []

[1{C:/Users/Shiva/AppData/Local/MiKTeX/fonts/map/pdftex/pdftex.map}{C:/Users/Sh
iva/AppData/Local/Programs/MiKTeX/fonts/enc/dvips/base/8r.enc}


]
Underfull \hbox (badness 10000) in paragraph at lines 73--74
[]\OT1/ptm/m/n/10 A \OT1/ptm/m/it/10 faith-ful sim-u-la-tion \OT1/ptm/m/n/10 of
 the quan-tum phase---
 []


Underfull \hbox (badness 10000) in paragraph at lines 73--74
\OT1/ptm/m/n/10 constructing the ex-plicit Belovs--Montanaro walk
 []


Underfull \hbox (badness 3907) in paragraph at lines 73--74
\OT1/ptm/m/n/10 op-er-a-tor and run-ning phase-estimation detection---
 []


Underfull \hbox (badness 10000) in paragraph at lines 90--91
[]\OT1/ptm/m/it/10 Implementable quan-tum knap-sack and hy-brids. \OT1/ptm/m/n/
10 A
 []


Underfull \hbox (badness 10000) in paragraph at lines 90--91
\OT1/ptm/m/n/10 sec-ond line pri-or-i-tizes con-structibil-ity on gate-model
 []


Underfull \hbox (badness 1424) in paragraph at lines 90--91
\OT1/ptm/m/n/10 hard-ware. Grover-based knap-sack solvers [[]], [[]] and
 []


Underfull \hbox (badness 1769) in paragraph at lines 90--91
\OT1/ptm/m/n/10 Quantum-inspired meta-heuris-tics (ge-netic [[]], wolf-pack
 []

LaTeX Font Info:    Trying to load font information for TS1+ptm on input line 1
05.
(C:\Users\Shiva\AppData\Local\Programs\MiKTeX\tex/latex/psnfss\ts1ptm.fd
File: ts1ptm.fd 2001/06/04 font definitions for TS1/ptm.
)
Overfull \hbox (24.80617pt too wide) in paragraph at lines 100--119
 [] 
 []

[2]
LaTeX Font Info:    Trying to load font information for OMS+ptm on input line 2
21.
 (C:\Users\Shiva\AppData\Local\Programs\MiKTeX\tex/latex/psnfss\omsptm.fd
File: omsptm.fd 
)
LaTeX Font Info:    Font shape `OMS/ptm/m/n' in size <10> not available
(Font)              Font shape `OMS/cmsy/m/n' tried instead on input line 221.

[3]

LaTeX Warning: `h' float specifier changed to `ht'.


Underfull \hbox (badness 2418) in paragraph at lines 278--279
\OT1/ptm/m/n/10 quan-tum sub-rou-tines re-quire a con-structible or-a-cle that
 []


Underfull \hbox (badness 3965) in paragraph at lines 304--305
[] []\OT1/ptm/b/n/10 Phase 1: $\OT1/cmr/m/n/10 (\OML/cmm/m/it/10 F[]; C; F[]\OT
1/cmr/m/n/10 )\OML/cmm/m/it/10 ; W[]; V[] \OMS/cmsy/m/n/10  $ \OT1/ptm/m/sc/10 
RC-Fix$\OT1/cmr/m/n/10 (\OML/cmm/m/it/10 w; v; W\OT1/cmr/m/n/10 )$
 []


LaTeX Warning: `h' float specifier changed to `ht'.

[4] [5]
Overfull \hbox (4.23863pt too wide) in paragraph at lines 400--415
 [] 
 []


Underfull \hbox (badness 1810) in paragraph at lines 430--431
[]\OT1/ptm/m/n/10 Experiments used five stan-dard in-stance classes from
 []

[6]
<figures/tree_reduction.pdf, id=49, 711.64821pt x 421.31969pt>
File: figures/tree_reduction.pdf Graphic file (type pdf)
<use figures/tree_reduction.pdf>
Package pdftex.def Info: figures/tree_reduction.pdf  used on input line 483.
(pdftex.def)             Requested size: 252.0pt x 149.19344pt.

Overfull \hbox (12.26306pt too wide) in paragraph at lines 494--505
 [] 
 []

<figures/scaling_crossover.pdf, id=50, 505.84607pt x 402.18318pt>
File: figures/scaling_crossover.pdf Graphic file (type pdf)
<use figures/scaling_crossover.pdf>
Package pdftex.def Info: figures/scaling_crossover.pdf  used on input line 513.

(pdftex.def)             Requested size: 252.0pt x 200.35468pt.
[7 <./figures/tree_reduction.pdf> <./figures/scaling_crossover.pdf>]
<figures/quantum_walk_scaling.pdf, id=190, 361.35pt x 260.17201pt>
File: figures/quantum_walk_scaling.pdf Graphic file (type pdf)
<use figures/quantum_walk_scaling.pdf>
Package pdftex.def Info: figures/quantum_walk_scaling.pdf  used on input line 5
48.
(pdftex.def)             Requested size: 252.0pt x 181.44029pt.
<figures/quantum_walk_crossover.pdf, id=191, 361.35pt x 260.17201pt>
File: figures/quantum_walk_crossover.pdf Graphic file (type pdf)
<use figures/quantum_walk_crossover.pdf>
Package pdftex.def Info: figures/quantum_walk_crossover.pdf  used on input line
 554.
(pdftex.def)             Requested size: 252.0pt x 181.44029pt.

Underfull \vbox (badness 1430) has occurred while \output is active []

 [8 <./figures/quantum_walk_scaling.pdf> <./figures/quantum_walk_crossover.pdf>
]
<figures/wallclock_breakeven.pdf, id=317, 424.79433pt x 277.6341pt>
File: figures/wallclock_breakeven.pdf Graphic file (type pdf)
<use figures/wallclock_breakeven.pdf>
Package pdftex.def Info: figures/wallclock_breakeven.pdf  used on input line 58
7.
(pdftex.def)             Requested size: 252.0pt x 164.70503pt.
<figures/resource_breakeven.pdf, id=318, 361.35pt x 260.17201pt>
File: figures/resource_breakeven.pdf Graphic file (type pdf)
<use figures/resource_breakeven.pdf>
Package pdftex.def Info: figures/resource_breakeven.pdf  used on input line 610
.
(pdftex.def)             Requested size: 252.0pt x 181.44029pt.

Underfull \vbox (badness 1028) has occurred while \output is active []

<results/large_scale_alpha.pdf, id=319, 614.36717pt x 403.73586pt>
File: results/large_scale_alpha.pdf Graphic file (type pdf)
<use results/large_scale_alpha.pdf>
Package pdftex.def Info: results/large_scale_alpha.pdf  used on input line 620.

(pdftex.def)             Requested size: 252.0pt x 165.60052pt.
 [9 <./figures/wallclock_breakeven.pdf> <./figures/resource_breakeven.pdf> <./r
esults/large_scale_alpha.pdf>]
Overfull \hbox (35.37772pt too wide) in paragraph at lines 638--655
 [] 
 []

<figures/hardware_validation.pdf, id=512, 856.76465pt x 422.05641pt>
File: figures/hardware_validation.pdf Graphic file (type pdf)
<use figures/hardware_validation.pdf>
Package pdftex.def Info: figures/hardware_validation.pdf  used on input line 66
1.
(pdftex.def)             Requested size: 252.0pt x 124.13847pt.
[10 <./figures/hardware_validation.pdf>]
Underfull \hbox (badness 5592) in paragraph at lines 703--704
[]\OT1/ptm/b/n/10 Detection re-li-a-bil-ity and sim-u-la-bil-ity. \OT1/ptm/m/n/
10 Our phase-
 []


Underfull \hbox (badness 3601) in paragraph at lines 710--711
\OT1/ptm/m/n/10 reduced-cost vari-able fix-ing with Mon-ta-naro's quan-tum
 []

[11] (main.bbl
Underfull \hbox (badness 2478) in paragraph at lines 54--56
[]\OT1/ptm/m/n/8 S. Jaques and A. G. Rat-tew, ``Qram: A sur-vey and cri-tique,'
'
 []


Underfull \hbox (badness 1748) in paragraph at lines 164--167
\OT1/ptm/m/n/8 branch-and-bound al-go-rithm for solv-ing in-te-ger lin-ear pro-
grams,''
 []

)

** Conference Paper **
Before submitting the final camera ready copy, remember to:

 1. Manually equalize the lengths of two columns on the last page
 of your paper;

 2. Ensure that any PostScript and/or PDF output post-processing
 uses only Type 1 fonts and that every step in the generation
 process uses the appropriate paper size.

[12] (main.aux)
 ***********
LaTeX2e <2023-11-01> patch level 1
L3 programming layer <2024-01-04>
 ***********
 ) 
Here is how much of TeX's memory you used:
 4768 strings out of 474486
 76734 string characters out of 5743756
 1956542 words of memory out of 5000000
 26964 multiletter control sequences out of 15000+600000
 613350 words of font info for 152 fonts, out of 8000000 for 9000
 1141 hyphenation exceptions out of 8191
 57i,14n,65p,3000b,596s stack positions out of 10000i,1000n,20000p,200000b,200000s
<C:/Users/Shiva/AppData/Local/Programs/MiKTeX/fonts/type1/public/amsfonts/cm/
cmex10.pfb><C:/Users/Shiva/AppData/Local/Programs/MiKTeX/fonts/type1/public/ams
fonts/cmextra/cmex8.pfb><C:/Users/Shiva/AppData/Local/Programs/MiKTeX/fonts/typ
e1/public/amsfonts/cm/cmmi10.pfb><C:/Users/Shiva/AppData/Local/Programs/MiKTeX/
fonts/type1/public/amsfonts/cm/cmmi5.pfb><C:/Users/Shiva/AppData/Local/Programs
/MiKTeX/fonts/type1/public/amsfonts/cm/cmmi6.pfb><C:/Users/Shiva/AppData/Local/
Programs/MiKTeX/fonts/type1/public/amsfonts/cm/cmmi7.pfb><C:/Users/Shiva/AppDat
a/Local/Programs/MiKTeX/fonts/type1/public/amsfonts/cm/cmmi8.pfb><C:/Users/Shiv
a/AppData/Local/Programs/MiKTeX/fonts/type1/public/amsfonts/cm/cmmi9.pfb><C:/Us
ers/Shiva/AppData/Local/Programs/MiKTeX/fonts/type1/public/amsfonts/cmextra/cmm
ib8.pfb><C:/Users/Shiva/AppData/Local/Programs/MiKTeX/fonts/type1/public/amsfon
ts/cm/cmr10.pfb><C:/Users/Shiva/AppData/Local/Programs/MiKTeX/fonts/type1/publi
c/amsfonts/cm/cmr5.pfb><C:/Users/Shiva/AppData/Local/Programs/MiKTeX/fonts/type
1/public/amsfonts/cm/cmr6.pfb><C:/Users/Shiva/AppData/Local/Programs/MiKTeX/fon
ts/type1/public/amsfonts/cm/cmr7.pfb><C:/Users/Shiva/AppData/Local/Programs/MiK
TeX/fonts/type1/public/amsfonts/cm/cmr8.pfb><C:/Users/Shiva/AppData/Local/Progr
ams/MiKTeX/fonts/type1/public/amsfonts/cm/cmr9.pfb><C:/Users/Shiva/AppData/Loca
l/Programs/MiKTeX/fonts/type1/public/amsfonts/cm/cmsy10.pfb><C:/Users/Shiva/App
Data/Local/Programs/MiKTeX/fonts/type1/public/amsfonts/cm/cmsy5.pfb><C:/Users/S
hiva/AppData/Local/Programs/MiKTeX/fonts/type1/public/amsfonts/cm/cmsy6.pfb><C:
/Users/Shiva/AppData/Local/Programs/MiKTeX/fonts/type1/public/amsfonts/cm/cmsy7
.pfb><C:/Users/Shiva/AppData/Local/Programs/MiKTeX/fonts/type1/public/amsfonts/
cm/cmsy8.pfb><C:/Users/Shiva/AppData/Local/Programs/MiKTeX/fonts/type1/public/a
msfonts/cm/cmsy9.pfb><C:/Users/Shiva/AppData/Local/Programs/MiKTeX/fonts/type1/
public/amsfonts/symbols/msam10.pfb><C:/Users/Shiva/AppData/Local/Programs/MiKTe
X/fonts/type1/public/amsfonts/symbols/msbm10.pfb><C:/Users/Shiva/AppData/Local/
Programs/MiKTeX/fonts/type1/urw/courier/ucrb8a.pfb><C:/Users/Shiva/AppData/Loca
l/Programs/MiKTeX/fonts/type1/urw/courier/ucrr8a.pfb><C:/Users/Shiva/AppData/Lo
cal/Programs/MiKTeX/fonts/type1/urw/times/utmb8a.pfb><C:/Users/Shiva/AppData/Lo
cal/Programs/MiKTeX/fonts/type1/urw/times/utmbi8a.pfb><C:/Users/Shiva/AppData/L
ocal/Programs/MiKTeX/fonts/type1/urw/times/utmr8a.pfb><C:/Users/Shiva/AppData/L
ocal/Programs/MiKTeX/fonts/type1/urw/times/utmri8a.pfb>
Output written on main.pdf (12 pages, 631214 bytes).
PDF statistics:
 743 PDF objects out of 1000 (max. 8388607)
 0 named destinations out of 1000 (max. 500000)
 41 words of extra memory for PDF output out of 10000 (max. 10000000)

